Using pre-set license
Built from '2022.1/release' branch; Version is '2022.1.0f1 (369b620af41c) revision 3578722'; Using compiler version '192829333'; Build Type 'Release'
OS: 'Windows 10  (10.0.19044) 64bit Professional' Language: 'de' Physical Memory: 16334 MB
BatchMode: 1, IsHumanControllingUs: 0, StartBugReporterOnCrash: 0, Is64bit: 1, IsPro: 1

COMMAND LINE ARGUMENTS:
D:\Unity\2022.1.0f1\Editor\Unity.exe
-adb2
-batchMode
-noUpm
-name
AssetImportWorker8
-projectPath
D:/Unity/Projekte/Nona_VR_Spacestation
-logFile
Logs/AssetImportWorker8.log
-srvPort
58277
Successfully changed project path to: D:/Unity/Projekte/Nona_VR_Spacestation
D:/Unity/Projekte/Nona_VR_Spacestation
[UnityMemory] Configuration Parameters - Can be set up in boot.config
    "memorysetup-bucket-allocator-granularity=16"
    "memorysetup-bucket-allocator-bucket-count=8"
    "memorysetup-bucket-allocator-block-size=33554432"
    "memorysetup-bucket-allocator-block-count=8"
    "memorysetup-main-allocator-block-size=16777216"
    "memorysetup-thread-allocator-block-size=16777216"
    "memorysetup-gfx-main-allocator-block-size=16777216"
    "memorysetup-gfx-thread-allocator-block-size=16777216"
    "memorysetup-cache-allocator-block-size=4194304"
    "memorysetup-typetree-allocator-block-size=2097152"
    "memorysetup-profiler-bucket-allocator-granularity=16"
    "memorysetup-profiler-bucket-allocator-bucket-count=8"
    "memorysetup-profiler-bucket-allocator-block-size=33554432"
    "memorysetup-profiler-bucket-allocator-block-count=8"
    "memorysetup-profiler-allocator-block-size=16777216"
    "memorysetup-profiler-editor-allocator-block-size=1048576"
    "memorysetup-temp-allocator-size-main=16777216"
    "memorysetup-job-temp-allocator-block-size=2097152"
    "memorysetup-job-temp-allocator-block-size-background=1048576"
    "memorysetup-job-temp-allocator-reduction-small-platforms=262144"
    "memorysetup-temp-allocator-size-background-worker=32768"
    "memorysetup-temp-allocator-size-job-worker=262144"
    "memorysetup-temp-allocator-size-preload-manager=33554432"
    "memorysetup-temp-allocator-size-nav-mesh-worker=65536"
    "memorysetup-temp-allocator-size-audio-worker=65536"
    "memorysetup-temp-allocator-size-cloud-worker=32768"
    "memorysetup-temp-allocator-size-gi-baking-worker=262144"
    "memorysetup-temp-allocator-size-gfx=262144"
Refreshing native plugins compatible for Editor in 124.07 ms, found 7 plugins.
Preloading 1 native plugins for Editor in 0.67 ms.
Initialize engine version: 2022.1.0f1 (369b620af41c)
[Subsystems] Discovering subsystems at path D:/Unity/2022.1.0f1/Editor/Data/Resources/UnitySubsystems
[Subsystems] Discovering subsystems at path D:/Unity/Projekte/Nona_VR_Spacestation/Assets
GfxDevice: creating device client; threaded=0; jobified=0
Direct3D:
    Version:  Direct3D 11.0 [level 11.1]
    Renderer: NVIDIA GeForce RTX 3060 (ID=0x2503)
    Vendor:   NVIDIA
    VRAM:     12143 MB
    Driver:   30.0.14.9676
Shader 'Oculus/OVRMRCameraFrameLit': fallback shader 'Alpha-Diffuse' not found
Initialize mono
Mono path[0] = 'D:/Unity/2022.1.0f1/Editor/Data/Managed'
Mono path[1] = 'D:/Unity/2022.1.0f1/Editor/Data/MonoBleedingEdge/lib/mono/unityjit-win32'
Mono config path = 'D:/Unity/2022.1.0f1/Editor/Data/MonoBleedingEdge/etc'
Using monoOptions --debugger-agent=transport=dt_socket,embedding=1,server=y,suspend=n,address=127.0.0.1:56108
Begin MonoManager ReloadAssembly
Registering precompiled unity dll's ...
Register platform support module: D:/Unity/2022.1.0f1/Editor/Data/PlaybackEngines/AndroidPlayer/UnityEditor.Android.Extensions.dll
Register platform support module: D:/Unity/2022.1.0f1/Editor/Data/PlaybackEngines/WindowsStandaloneSupport/UnityEditor.WindowsStandalone.Extensions.dll
Registered in 0.004195 seconds.
Native extension for WindowsStandalone target not found
Native extension for Android target not found
Refreshing native plugins compatible for Editor in 118.74 ms, found 7 plugins.
Preloading 1 native plugins for Editor in 0.06 ms.
Mono: successfully reloaded assembly
- Completed reload, in  0.715 seconds
Domain Reload Profiling:
	ReloadAssembly (715ms)
		BeginReloadAssembly (85ms)
			ExecutionOrderSort (0ms)
			DisableScriptedObjects (0ms)
			BackupInstance (0ms)
			ReleaseScriptingObjects (0ms)
			CreateAndSetChildDomain (1ms)
		EndReloadAssembly (524ms)
			LoadAssemblies (85ms)
			RebuildTransferFunctionScriptingTraits (0ms)
			SetupTypeCache (124ms)
				TypeCache.Initialize (124ms)
					TypeCache.ScanAssembly (122ms)
				ResolveRequiredComponents (0ms)
			ReleaseScriptCaches (0ms)
			RebuildScriptCaches (26ms)
			SetupLoadedEditorAssemblies (321ms)
				LogAssemblyErrors (0ms)
				InitializePlatformSupportModulesInManaged (39ms)
				SetLoadedEditorAssemblies (6ms)
				RefreshPlugins (119ms)
				BeforeProcessingInitializeOnLoad (2ms)
				ProcessInitializeOnLoadAttributes (113ms)
				ProcessInitializeOnLoadMethodAttributes (43ms)
				AfterProcessingInitializeOnLoad (0ms)
				EditorAssembliesLoaded (0ms)
			ExecutionOrderSort2 (0ms)
			AwakeInstancesAfterBackupRestoration (0ms)
Platform modules already initialized, skipping
Registering precompiled user dll's ...
Registered in 0.006857 seconds.
Begin MonoManager ReloadAssembly
Symbol file LoadedFromMemory doesn't match image D:\Unity\Projekte\Nona_VR_Spacestation\Library\PackageCache\com.unity.visualscripting@1.7.5\Editor\VisualScripting.Core\Dependencies\DotNetZip\Unity.VisualScripting.IonicZip.dll
Symbol file LoadedFromMemory doesn't match image D:\Unity\Projekte\Nona_VR_Spacestation\Library\PackageCache\com.unity.visualscripting@1.7.5\Editor\VisualScripting.Core\Dependencies\YamlDotNet\Unity.VisualScripting.YamlDotNet.dll
Native extension for WindowsStandalone target not found
Native extension for Android target not found
Refreshing native plugins compatible for Editor in 1.42 ms, found 7 plugins.
Preloading 1 native plugins for Editor in 0.05 ms.
Package Manager log level set to [2]
[Package Manager] Server::EnsureServerProcessIsRunning -- launch failed, reason: Unity was launched with the -noUpm command-line argument
[Package Manager] UpmClient::Send -- Unable to send message (not connected to UPM process).
[Package Manager] Cannot connect to Unity Package Manager local server
[XR] OculusXRPlugin: registering subsystems
[XR] Unable to register display lifecyle provider: [1]
[XR] Oculus Input lifecycle provider registered.
[XR] Unable to register input lifecyle provider: [1]
[XR] OVRP version 1.71.0
Mono: successfully reloaded assembly
[Package Manager] Server::EnsureServerProcessIsRunning -- launch failed, reason: Unity was launched with the -noUpm command-line argument
[Package Manager] UpmClient::Send -- Unable to send message (not connected to UPM process).
[Package Manager] Cannot connect to Unity Package Manager local server
[Package Manager] Server::EnsureServerProcessIsRunning -- launch failed, reason: Unity was launched with the -noUpm command-line argument
[Package Manager] UpmClient::Send -- Unable to send message (not connected to UPM process).
[Package Manager] Cannot connect to Unity Package Manager local server
- Completed reload, in 19.532 seconds
Domain Reload Profiling:
	ReloadAssembly (19532ms)
		BeginReloadAssembly (145ms)
			ExecutionOrderSort (0ms)
			DisableScriptedObjects (5ms)
			BackupInstance (0ms)
			ReleaseScriptingObjects (0ms)
			CreateAndSetChildDomain (24ms)
		EndReloadAssembly (18897ms)
			LoadAssemblies (3185ms)
			RebuildTransferFunctionScriptingTraits (0ms)
			SetupTypeCache (618ms)
				TypeCache.Initialize (608ms)
					TypeCache.ScanAssembly (603ms)
				ResolveRequiredComponents (10ms)
			ReleaseScriptCaches (1ms)
			RebuildScriptCaches (68ms)
			SetupLoadedEditorAssemblies (15002ms)
				LogAssemblyErrors (0ms)
				InitializePlatformSupportModulesInManaged (14ms)
				SetLoadedEditorAssemblies (8ms)
				RefreshPlugins (2ms)
				BeforeProcessingInitializeOnLoad (88ms)
				ProcessInitializeOnLoadAttributes (14779ms)
				ProcessInitializeOnLoadMethodAttributes (107ms)
				AfterProcessingInitializeOnLoad (4ms)
				EditorAssembliesLoaded (0ms)
			ExecutionOrderSort2 (0ms)
			AwakeInstancesAfterBackupRestoration (7ms)
Platform modules already initialized, skipping
========================================================================
Worker process is ready to serve import requests
Shader 'Oculus/OVRMRCameraFrameLit': fallback shader 'Alpha-Diffuse' not found
Launched and connected shader compiler UnityShaderCompiler.exe after 0.05 seconds
Refreshing native plugins compatible for Editor in 1.19 ms, found 7 plugins.
Preloading 1 native plugins for Editor in 0.06 ms.
Unloading 4439 Unused Serialized files (Serialized files now loaded: 0)
Unloading 50 unused Assets / (141.3 KB). Loaded Objects now: 4890.
Memory consumption went from 0.68 GB to 0.68 GB.
Total: 16.665700 ms (FindLiveObjects: 0.486900 ms CreateObjectMapping: 0.127200 ms MarkObjects: 15.878400 ms  DeleteObjects: 0.171800 ms)

AssetImportParameters requested are different than current active one (requested -> active):
  custom:video-decoder-ogg-theora: a1e56fd34408186e4bbccfd4996cb3dc -> 
  custom:container-muxer-webm: aa71ff27fc2769a1b78a27578f13a17b -> 
  custom:container-demuxer-webm: 4f35f7cbe854078d1ac9338744f61a02 -> 
  custom:video-encoder-webm-vp8: eb34c28f22e8b96e1ab97ce403110664 -> 
  custom:audio-encoder-webm-vorbis: bf7c407c2cedff20999df2af8eb42d56 -> 
  custom:framework-win-MediaFoundation: 216162199b28c13a410421893ffa2e32 -> 
  custom:container-demuxer-ogg: 62fdf1f143b41e24485cea50d1cbac27 -> 
  custom:video-decoder-webm-vp8: 9c59270c3fd7afecdb556c50c9e8de78 -> 
  custom:audio-decoder-ogg-vorbis: bf7c407c2cedff20999df2af8eb42d56 -> 
========================================================================
Received Import Request.
  Time since last request: 4893.912086 seconds.
  path: Assets/Prefabs/Door_Keycard.prefab
  artifactKey: Guid(dd62dce4345f2944a85b51c72fdd9115) Importer(815301076,1909f56bfc062723c751e8b465ee728b)
Start importing Assets/Prefabs/Door_Keycard.prefab using Guid(dd62dce4345f2944a85b51c72fdd9115) Importer(815301076,1909f56bfc062723c751e8b465ee728b)  -> (artifact id: 'da72db08e0c31fe228201e1f68552d80') in 0.680587 seconds 
========================================================================
Received Import Request.
  Time since last request: 143.985708 seconds.
  path: Assets/Prefabs/Button_00.prefab
  artifactKey: Guid(6adb6008bd2965f419cd254994feb786) Importer(815301076,1909f56bfc062723c751e8b465ee728b)
Start importing Assets/Prefabs/Button_00.prefab using Guid(6adb6008bd2965f419cd254994feb786) Importer(815301076,1909f56bfc062723c751e8b465ee728b)  -> (artifact id: 'eeccb762fba3e5e75f35c79b2b393083') in 0.231164 seconds 
========================================================================
Received Import Request.
  Time since last request: 150.520671 seconds.
  path: Assets/Prefabs/BT_Eckig.prefab
  artifactKey: Guid(a3951adce8b3e434c85c49ffe9fb91ed) Importer(815301076,1909f56bfc062723c751e8b465ee728b)
Start importing Assets/Prefabs/BT_Eckig.prefab using Guid(a3951adce8b3e434c85c49ffe9fb91ed) Importer(815301076,1909f56bfc062723c751e8b465ee728b)  -> (artifact id: '0f4aeb3b7ea3adb69ce5ee47b0c09b3d') in 0.042062 seconds 
========================================================================
Received Import Request.
  Time since last request: 0.000023 seconds.
  path: Assets/Prefabs/Eingabe_Panel_Prefab.prefab
  artifactKey: Guid(dbca9df019cf1924083c8bb7f0cdcde7) Importer(815301076,1909f56bfc062723c751e8b465ee728b)
Start importing Assets/Prefabs/Eingabe_Panel_Prefab.prefab using Guid(dbca9df019cf1924083c8bb7f0cdcde7) Importer(815301076,1909f56bfc062723c751e8b465ee728b)  -> (artifact id: 'c26166f8c5a5523319a1d90021e4dc5d') in 0.050280 seconds 
========================================================================
Received Import Request.
  Time since last request: 202.661132 seconds.
  path: Assets/Prefabs/BT_Eckig.prefab
  artifactKey: Guid(a3951adce8b3e434c85c49ffe9fb91ed) Importer(815301076,1909f56bfc062723c751e8b465ee728b)
Start importing Assets/Prefabs/BT_Eckig.prefab using Guid(a3951adce8b3e434c85c49ffe9fb91ed) Importer(815301076,1909f56bfc062723c751e8b465ee728b)  -> (artifact id: '102b6b4b475fa25b32d64c2b8b033fad') in 0.031177 seconds 
========================================================================
Received Import Request.
  Time since last request: 0.000024 seconds.
  path: Assets/Prefabs/Eingabe_Panel_Prefab.prefab
  artifactKey: Guid(dbca9df019cf1924083c8bb7f0cdcde7) Importer(815301076,1909f56bfc062723c751e8b465ee728b)
Start importing Assets/Prefabs/Eingabe_Panel_Prefab.prefab using Guid(dbca9df019cf1924083c8bb7f0cdcde7) Importer(815301076,1909f56bfc062723c751e8b465ee728b)  -> (artifact id: '60fd1b84758650c2eaac2290076f199f') in 0.035267 seconds 
========================================================================
Received Import Request.
  Time since last request: 3.726916 seconds.
  path: Assets/Prefabs/BT_Eckig.prefab
  artifactKey: Guid(a3951adce8b3e434c85c49ffe9fb91ed) Importer(815301076,1909f56bfc062723c751e8b465ee728b)
Start importing Assets/Prefabs/BT_Eckig.prefab using Guid(a3951adce8b3e434c85c49ffe9fb91ed) Importer(815301076,1909f56bfc062723c751e8b465ee728b)  -> (artifact id: '0630c23c80bbb9a3b5a6ac0595699c78') in 0.028929 seconds 
========================================================================
Received Import Request.
  Time since last request: 0.000021 seconds.
  path: Assets/Prefabs/Eingabe_Panel_Prefab.prefab
  artifactKey: Guid(dbca9df019cf1924083c8bb7f0cdcde7) Importer(815301076,1909f56bfc062723c751e8b465ee728b)
Start importing Assets/Prefabs/Eingabe_Panel_Prefab.prefab using Guid(dbca9df019cf1924083c8bb7f0cdcde7) Importer(815301076,1909f56bfc062723c751e8b465ee728b)  -> (artifact id: 'da6b1c135602cb2e1c4e71d6d3a3b94f') in 0.036729 seconds 
========================================================================
Received Import Request.
  Time since last request: 8.050787 seconds.
  path: Assets/Prefabs/BT_Eckig.prefab
  artifactKey: Guid(a3951adce8b3e434c85c49ffe9fb91ed) Importer(815301076,1909f56bfc062723c751e8b465ee728b)
Start importing Assets/Prefabs/BT_Eckig.prefab using Guid(a3951adce8b3e434c85c49ffe9fb91ed) Importer(815301076,1909f56bfc062723c751e8b465ee728b)  -> (artifact id: 'ea2d0212c06b757c9102b2ed9767c759') in 0.027401 seconds 
========================================================================
Received Import Request.
  Time since last request: 0.000024 seconds.
  path: Assets/Prefabs/Eingabe_Panel_Prefab.prefab
  artifactKey: Guid(dbca9df019cf1924083c8bb7f0cdcde7) Importer(815301076,1909f56bfc062723c751e8b465ee728b)
Start importing Assets/Prefabs/Eingabe_Panel_Prefab.prefab using Guid(dbca9df019cf1924083c8bb7f0cdcde7) Importer(815301076,1909f56bfc062723c751e8b465ee728b)  -> (artifact id: '49bca7e4bc319302e3cbac6e14f4f03f') in 0.033824 seconds 
========================================================================
Received Import Request.
  Time since last request: 603.828302 seconds.
  path: Assets/Prefabs/BT_Eckig.prefab
  artifactKey: Guid(a3951adce8b3e434c85c49ffe9fb91ed) Importer(815301076,1909f56bfc062723c751e8b465ee728b)
Start importing Assets/Prefabs/BT_Eckig.prefab using Guid(a3951adce8b3e434c85c49ffe9fb91ed) Importer(815301076,1909f56bfc062723c751e8b465ee728b)  -> (artifact id: '2bd0514a6ceb3966fd909de834c7fb00') in 0.030717 seconds 
========================================================================
Received Import Request.
  Time since last request: 0.000026 seconds.
  path: Assets/Prefabs/Eingabe_Panel_Prefab.prefab
  artifactKey: Guid(dbca9df019cf1924083c8bb7f0cdcde7) Importer(815301076,1909f56bfc062723c751e8b465ee728b)
Start importing Assets/Prefabs/Eingabe_Panel_Prefab.prefab using Guid(dbca9df019cf1924083c8bb7f0cdcde7) Importer(815301076,1909f56bfc062723c751e8b465ee728b)  -> (artifact id: 'b08122874d2fcbbe8aadbb8aafd65e42') in 0.036205 seconds 
========================================================================
Received Import Request.
  Time since last request: 431.382882 seconds.
  path: Assets/Prefabs/BT_Eckig.prefab
  artifactKey: Guid(a3951adce8b3e434c85c49ffe9fb91ed) Importer(815301076,1909f56bfc062723c751e8b465ee728b)
Start importing Assets/Prefabs/BT_Eckig.prefab using Guid(a3951adce8b3e434c85c49ffe9fb91ed) Importer(815301076,1909f56bfc062723c751e8b465ee728b)  -> (artifact id: '940f89f6616be29b8309f62163f9dbd8') in 0.051659 seconds 
========================================================================
Received Import Request.
  Time since last request: 0.000024 seconds.
  path: Assets/Prefabs/Eingabe_Panel_Prefab.prefab
  artifactKey: Guid(dbca9df019cf1924083c8bb7f0cdcde7) Importer(815301076,1909f56bfc062723c751e8b465ee728b)
Start importing Assets/Prefabs/Eingabe_Panel_Prefab.prefab using Guid(dbca9df019cf1924083c8bb7f0cdcde7) Importer(815301076,1909f56bfc062723c751e8b465ee728b)  -> (artifact id: 'e5fde95e2e93083488eaca3e583e7260') in 0.036038 seconds 
========================================================================
Received Import Request.
  Time since last request: 11.565154 seconds.
  path: Assets/Prefabs/BT_Eckig.prefab
  artifactKey: Guid(a3951adce8b3e434c85c49ffe9fb91ed) Importer(815301076,1909f56bfc062723c751e8b465ee728b)
Start importing Assets/Prefabs/BT_Eckig.prefab using Guid(a3951adce8b3e434c85c49ffe9fb91ed) Importer(815301076,1909f56bfc062723c751e8b465ee728b)  -> (artifact id: '97f43475e386a842a96562b51d9777ef') in 0.070158 seconds 
========================================================================
Received Import Request.
  Time since last request: 0.000023 seconds.
  path: Assets/Prefabs/Eingabe_Panel_Prefab.prefab
  artifactKey: Guid(dbca9df019cf1924083c8bb7f0cdcde7) Importer(815301076,1909f56bfc062723c751e8b465ee728b)
Start importing Assets/Prefabs/Eingabe_Panel_Prefab.prefab using Guid(dbca9df019cf1924083c8bb7f0cdcde7) Importer(815301076,1909f56bfc062723c751e8b465ee728b)  -> (artifact id: '14bf0d4d3a5b977f176d487e21b35ae8') in 0.037747 seconds 
========================================================================
Received Import Request.
  Time since last request: 4.700940 seconds.
  path: Assets/Prefabs/BT_Eckig.prefab
  artifactKey: Guid(a3951adce8b3e434c85c49ffe9fb91ed) Importer(815301076,1909f56bfc062723c751e8b465ee728b)
Start importing Assets/Prefabs/BT_Eckig.prefab using Guid(a3951adce8b3e434c85c49ffe9fb91ed) Importer(815301076,1909f56bfc062723c751e8b465ee728b)  -> (artifact id: 'e25b5d12081ee62291b140685091e7c1') in 0.047341 seconds 
========================================================================
Received Import Request.
  Time since last request: 0.000026 seconds.
  path: Assets/Prefabs/Eingabe_Panel_Prefab.prefab
  artifactKey: Guid(dbca9df019cf1924083c8bb7f0cdcde7) Importer(815301076,1909f56bfc062723c751e8b465ee728b)
Start importing Assets/Prefabs/Eingabe_Panel_Prefab.prefab using Guid(dbca9df019cf1924083c8bb7f0cdcde7) Importer(815301076,1909f56bfc062723c751e8b465ee728b)  -> (artifact id: 'e968c82c65c65a0eb5f92f3779419ed4') in 0.044543 seconds 
========================================================================
Received Import Request.
  Time since last request: 59.917752 seconds.
  path: Assets/Scrips/Physic_Button.cs
  artifactKey: Guid(aef9b24a69d40d0409242cacf5888d65) Importer(815301076,1909f56bfc062723c751e8b465ee728b)
Start importing Assets/Scrips/Physic_Button.cs using Guid(aef9b24a69d40d0409242cacf5888d65) Importer(815301076,1909f56bfc062723c751e8b465ee728b)  -> (artifact id: '11169934168398776035613f254b5b6c') in 0.006840 seconds 
========================================================================
Received Prepare
Registering precompiled user dll's ...
Registered in 0.007898 seconds.
Begin MonoManager ReloadAssembly
Symbol file LoadedFromMemory doesn't match image D:\Unity\Projekte\Nona_VR_Spacestation\Library\PackageCache\com.unity.visualscripting@1.7.5\Editor\VisualScripting.Core\Dependencies\DotNetZip\Unity.VisualScripting.IonicZip.dll
Symbol file LoadedFromMemory doesn't match image D:\Unity\Projekte\Nona_VR_Spacestation\Library\PackageCache\com.unity.visualscripting@1.7.5\Editor\VisualScripting.Core\Dependencies\YamlDotNet\Unity.VisualScripting.YamlDotNet.dll
Native extension for WindowsStandalone target not found
Native extension for Android target not found
Refreshing native plugins compatible for Editor in 2.18 ms, found 7 plugins.
Preloading 1 native plugins for Editor in 0.12 ms.
[Package Manager] Server::EnsureServerProcessIsRunning -- launch failed, reason: Unity was launched with the -noUpm command-line argument
[Package Manager] UpmClient::Send -- Unable to send message (not connected to UPM process).
[Package Manager] Cannot connect to Unity Package Manager local server
Mono: successfully reloaded assembly
[Package Manager] Server::EnsureServerProcessIsRunning -- launch failed, reason: Unity was launched with the -noUpm command-line argument
[Package Manager] UpmClient::Send -- Unable to send message (not connected to UPM process).
[Package Manager] Cannot connect to Unity Package Manager local server
- Completed reload, in  1.244 seconds
Domain Reload Profiling:
	ReloadAssembly (1245ms)
		BeginReloadAssembly (272ms)
			ExecutionOrderSort (0ms)
			DisableScriptedObjects (19ms)
			BackupInstance (0ms)
			ReleaseScriptingObjects (0ms)
			CreateAndSetChildDomain (110ms)
		EndReloadAssembly (871ms)
			LoadAssemblies (130ms)
			RebuildTransferFunctionScriptingTraits (0ms)
			SetupTypeCache (306ms)
				TypeCache.Initialize (295ms)
					TypeCache.ScanAssembly (287ms)
				ResolveRequiredComponents (11ms)
			ReleaseScriptCaches (2ms)
			RebuildScriptCaches (47ms)
			SetupLoadedEditorAssemblies (356ms)
				LogAssemblyErrors (0ms)
				InitializePlatformSupportModulesInManaged (20ms)
				SetLoadedEditorAssemblies (8ms)
				RefreshPlugins (2ms)
				BeforeProcessingInitializeOnLoad (69ms)
				ProcessInitializeOnLoadAttributes (222ms)
				ProcessInitializeOnLoadMethodAttributes (31ms)
				AfterProcessingInitializeOnLoad (4ms)
				EditorAssembliesLoaded (0ms)
			ExecutionOrderSort2 (0ms)
			AwakeInstancesAfterBackupRestoration (7ms)
Platform modules already initialized, skipping
Shader 'Oculus/OVRMRCameraFrameLit': fallback shader 'Alpha-Diffuse' not found
Refreshing native plugins compatible for Editor in 5.41 ms, found 7 plugins.
Preloading 1 native plugins for Editor in 0.04 ms.
Unloading 4340 Unused Serialized files (Serialized files now loaded: 0)
Unloading 42 unused Assets / (107.5 KB). Loaded Objects now: 4903.
Memory consumption went from 0.66 GB to 0.66 GB.
Total: 4.465400 ms (FindLiveObjects: 0.452800 ms CreateObjectMapping: 0.252000 ms MarkObjects: 3.610900 ms  DeleteObjects: 0.147400 ms)

AssetImportParameters requested are different than current active one (requested -> active):
  custom:video-decoder-ogg-theora: a1e56fd34408186e4bbccfd4996cb3dc -> 
  custom:container-muxer-webm: aa71ff27fc2769a1b78a27578f13a17b -> 
  custom:container-demuxer-webm: 4f35f7cbe854078d1ac9338744f61a02 -> 
  custom:video-encoder-webm-vp8: eb34c28f22e8b96e1ab97ce403110664 -> 
  custom:audio-encoder-webm-vorbis: bf7c407c2cedff20999df2af8eb42d56 -> 
  custom:framework-win-MediaFoundation: 216162199b28c13a410421893ffa2e32 -> 
  custom:container-demuxer-ogg: 62fdf1f143b41e24485cea50d1cbac27 -> 
  custom:video-decoder-webm-vp8: 9c59270c3fd7afecdb556c50c9e8de78 -> 
  custom:audio-decoder-ogg-vorbis: bf7c407c2cedff20999df2af8eb42d56 -> 
========================================================================
Received Prepare
Registering precompiled user dll's ...
Registered in 0.008005 seconds.
Begin MonoManager ReloadAssembly
Symbol file LoadedFromMemory doesn't match image D:\Unity\Projekte\Nona_VR_Spacestation\Library\PackageCache\com.unity.visualscripting@1.7.5\Editor\VisualScripting.Core\Dependencies\DotNetZip\Unity.VisualScripting.IonicZip.dll
Symbol file LoadedFromMemory doesn't match image D:\Unity\Projekte\Nona_VR_Spacestation\Library\PackageCache\com.unity.visualscripting@1.7.5\Editor\VisualScripting.Core\Dependencies\YamlDotNet\Unity.VisualScripting.YamlDotNet.dll
Native extension for WindowsStandalone target not found
Native extension for Android target not found
Refreshing native plugins compatible for Editor in 1.31 ms, found 7 plugins.
Preloading 1 native plugins for Editor in 0.05 ms.
[Package Manager] Server::EnsureServerProcessIsRunning -- launch failed, reason: Unity was launched with the -noUpm command-line argument
[Package Manager] UpmClient::Send -- Unable to send message (not connected to UPM process).
[Package Manager] Cannot connect to Unity Package Manager local server
Mono: successfully reloaded assembly
[Package Manager] Server::EnsureServerProcessIsRunning -- launch failed, reason: Unity was launched with the -noUpm command-line argument
[Package Manager] UpmClient::Send -- Unable to send message (not connected to UPM process).
[Package Manager] Cannot connect to Unity Package Manager local server
- Completed reload, in  1.106 seconds
Domain Reload Profiling:
	ReloadAssembly (1107ms)
		BeginReloadAssembly (156ms)
			ExecutionOrderSort (0ms)
			DisableScriptedObjects (5ms)
			BackupInstance (0ms)
			ReleaseScriptingObjects (0ms)
			CreateAndSetChildDomain (41ms)
		EndReloadAssembly (853ms)
			LoadAssemblies (118ms)
			RebuildTransferFunctionScriptingTraits (0ms)
			SetupTypeCache (284ms)
				TypeCache.Initialize (269ms)
					TypeCache.ScanAssembly (263ms)
				ResolveRequiredComponents (15ms)
			ReleaseScriptCaches (2ms)
			RebuildScriptCaches (45ms)
			SetupLoadedEditorAssemblies (370ms)
				LogAssemblyErrors (0ms)
				InitializePlatformSupportModulesInManaged (21ms)
				SetLoadedEditorAssemblies (7ms)
				RefreshPlugins (1ms)
				BeforeProcessingInitializeOnLoad (73ms)
				ProcessInitializeOnLoadAttributes (224ms)
				ProcessInitializeOnLoadMethodAttributes (40ms)
				AfterProcessingInitializeOnLoad (4ms)
				EditorAssembliesLoaded (0ms)
			ExecutionOrderSort2 (0ms)
			AwakeInstancesAfterBackupRestoration (8ms)
Platform modules already initialized, skipping
Shader 'Oculus/OVRMRCameraFrameLit': fallback shader 'Alpha-Diffuse' not found
Refreshing native plugins compatible for Editor in 6.70 ms, found 7 plugins.
Preloading 1 native plugins for Editor in 0.05 ms.
Unloading 4341 Unused Serialized files (Serialized files now loaded: 0)
Unloading 42 unused Assets / (114.5 KB). Loaded Objects now: 4907.
Memory consumption went from 0.66 GB to 0.66 GB.
Total: 3.722600 ms (FindLiveObjects: 0.461400 ms CreateObjectMapping: 0.123500 ms MarkObjects: 2.982100 ms  DeleteObjects: 0.153700 ms)

AssetImportParameters requested are different than current active one (requested -> active):
  custom:video-decoder-ogg-theora: a1e56fd34408186e4bbccfd4996cb3dc -> 
  custom:container-muxer-webm: aa71ff27fc2769a1b78a27578f13a17b -> 
  custom:container-demuxer-webm: 4f35f7cbe854078d1ac9338744f61a02 -> 
  custom:video-encoder-webm-vp8: eb34c28f22e8b96e1ab97ce403110664 -> 
  custom:audio-encoder-webm-vorbis: bf7c407c2cedff20999df2af8eb42d56 -> 
  custom:framework-win-MediaFoundation: 216162199b28c13a410421893ffa2e32 -> 
  custom:container-demuxer-ogg: 62fdf1f143b41e24485cea50d1cbac27 -> 
  custom:video-decoder-webm-vp8: 9c59270c3fd7afecdb556c50c9e8de78 -> 
  custom:audio-decoder-ogg-vorbis: bf7c407c2cedff20999df2af8eb42d56 -> 
========================================================================
Received Import Request.
  Time since last request: 1794.989532 seconds.
  path: Assets/Prefabs/BT_Eckig.prefab
  artifactKey: Guid(a3951adce8b3e434c85c49ffe9fb91ed) Importer(815301076,1909f56bfc062723c751e8b465ee728b)
Start importing Assets/Prefabs/BT_Eckig.prefab using Guid(a3951adce8b3e434c85c49ffe9fb91ed) Importer(815301076,1909f56bfc062723c751e8b465ee728b)  -> (artifact id: '4d9b4b46b4ba8269c71252cb060d1a0b') in 0.154155 seconds 
========================================================================
Received Import Request.
  Time since last request: 0.000017 seconds.
  path: Assets/Prefabs/Eingabe_Panel_Prefab.prefab
  artifactKey: Guid(dbca9df019cf1924083c8bb7f0cdcde7) Importer(815301076,1909f56bfc062723c751e8b465ee728b)
Start importing Assets/Prefabs/Eingabe_Panel_Prefab.prefab using Guid(dbca9df019cf1924083c8bb7f0cdcde7) Importer(815301076,1909f56bfc062723c751e8b465ee728b)  -> (artifact id: 'e4d47dd200234286a527706fbb4d5cf4') in 0.040231 seconds 
========================================================================
Received Import Request.
  Time since last request: 0.000026 seconds.
  path: Assets/Prefabs/Buttons_Switch_Test.prefab
  artifactKey: Guid(b2ec9fce0d4fe6d429193519628ba442) Importer(815301076,1909f56bfc062723c751e8b465ee728b)
Start importing Assets/Prefabs/Buttons_Switch_Test.prefab using Guid(b2ec9fce0d4fe6d429193519628ba442) Importer(815301076,1909f56bfc062723c751e8b465ee728b)  -> (artifact id: '51b573f7453e38804906e962390a46ba') in 0.056198 seconds 
========================================================================
Received Import Request.
  Time since last request: 8.367958 seconds.
  path: Assets/Prefabs/BT_Eckig.prefab
  artifactKey: Guid(a3951adce8b3e434c85c49ffe9fb91ed) Importer(815301076,1909f56bfc062723c751e8b465ee728b)
Start importing Assets/Prefabs/BT_Eckig.prefab using Guid(a3951adce8b3e434c85c49ffe9fb91ed) Importer(815301076,1909f56bfc062723c751e8b465ee728b)  -> (artifact id: 'ed860664dd8be7b164aafc0624a52a91') in 0.036684 seconds 
========================================================================
Received Prepare
Registering precompiled user dll's ...
Registered in 0.006067 seconds.
Begin MonoManager ReloadAssembly
Symbol file LoadedFromMemory doesn't match image D:\Unity\Projekte\Nona_VR_Spacestation\Library\PackageCache\com.unity.visualscripting@1.7.5\Editor\VisualScripting.Core\Dependencies\DotNetZip\Unity.VisualScripting.IonicZip.dll
Symbol file LoadedFromMemory doesn't match image D:\Unity\Projekte\Nona_VR_Spacestation\Library\PackageCache\com.unity.visualscripting@1.7.5\Editor\VisualScripting.Core\Dependencies\YamlDotNet\Unity.VisualScripting.YamlDotNet.dll
Native extension for WindowsStandalone target not found
Native extension for Android target not found
Refreshing native plugins compatible for Editor in 1.33 ms, found 7 plugins.
Preloading 1 native plugins for Editor in 0.08 ms.
[Package Manager] Server::EnsureServerProcessIsRunning -- launch failed, reason: Unity was launched with the -noUpm command-line argument
[Package Manager] UpmClient::Send -- Unable to send message (not connected to UPM process).
[Package Manager] Cannot connect to Unity Package Manager local server
Mono: successfully reloaded assembly
[Package Manager] Server::EnsureServerProcessIsRunning -- launch failed, reason: Unity was launched with the -noUpm command-line argument
[Package Manager] UpmClient::Send -- Unable to send message (not connected to UPM process).
[Package Manager] Cannot connect to Unity Package Manager local server
- Completed reload, in  1.039 seconds
Domain Reload Profiling:
	ReloadAssembly (1039ms)
		BeginReloadAssembly (163ms)
			ExecutionOrderSort (0ms)
			DisableScriptedObjects (4ms)
			BackupInstance (0ms)
			ReleaseScriptingObjects (0ms)
			CreateAndSetChildDomain (42ms)
		EndReloadAssembly (783ms)
			LoadAssemblies (130ms)
			RebuildTransferFunctionScriptingTraits (0ms)
			SetupTypeCache (256ms)
				TypeCache.Initialize (246ms)
					TypeCache.ScanAssembly (241ms)
				ResolveRequiredComponents (10ms)
			ReleaseScriptCaches (2ms)
			RebuildScriptCaches (41ms)
			SetupLoadedEditorAssemblies (334ms)
				LogAssemblyErrors (0ms)
				InitializePlatformSupportModulesInManaged (22ms)
				SetLoadedEditorAssemblies (7ms)
				RefreshPlugins (1ms)
				BeforeProcessingInitializeOnLoad (65ms)
				ProcessInitializeOnLoadAttributes (205ms)
				ProcessInitializeOnLoadMethodAttributes (29ms)
				AfterProcessingInitializeOnLoad (5ms)
				EditorAssembliesLoaded (0ms)
			ExecutionOrderSort2 (0ms)
			AwakeInstancesAfterBackupRestoration (10ms)
Platform modules already initialized, skipping
Shader 'Oculus/OVRMRCameraFrameLit': fallback shader 'Alpha-Diffuse' not found
Refreshing native plugins compatible for Editor in 5.41 ms, found 7 plugins.
Preloading 1 native plugins for Editor in 0.04 ms.
Unloading 4340 Unused Serialized files (Serialized files now loaded: 0)
Unloading 42 unused Assets / (107.5 KB). Loaded Objects now: 4911.
Memory consumption went from 0.66 GB to 0.66 GB.
Total: 3.944500 ms (FindLiveObjects: 0.407600 ms CreateObjectMapping: 0.111000 ms MarkObjects: 3.251500 ms  DeleteObjects: 0.173100 ms)

AssetImportParameters requested are different than current active one (requested -> active):
  custom:video-decoder-ogg-theora: a1e56fd34408186e4bbccfd4996cb3dc -> 
  custom:container-muxer-webm: aa71ff27fc2769a1b78a27578f13a17b -> 
  custom:container-demuxer-webm: 4f35f7cbe854078d1ac9338744f61a02 -> 
  custom:video-encoder-webm-vp8: eb34c28f22e8b96e1ab97ce403110664 -> 
  custom:audio-encoder-webm-vorbis: bf7c407c2cedff20999df2af8eb42d56 -> 
  custom:framework-win-MediaFoundation: 216162199b28c13a410421893ffa2e32 -> 
  custom:container-demuxer-ogg: 62fdf1f143b41e24485cea50d1cbac27 -> 
  custom:video-decoder-webm-vp8: 9c59270c3fd7afecdb556c50c9e8de78 -> 
  custom:audio-decoder-ogg-vorbis: bf7c407c2cedff20999df2af8eb42d56 -> 
Editor requested this worker to shutdown with reason: Scaling down because of idle timeout
AssetImportWorker is now disconnected from the server
Process exiting
Exiting without the bug reporter. Application will terminate with return code 0