Using pre-set license
Built from '2022.1/release' branch; Version is '2022.1.0f1 (369b620af41c) revision 3578722'; Using compiler version '192829333'; Build Type 'Release'
OS: 'Windows 10  (10.0.19044) 64bit Professional' Language: 'de' Physical Memory: 16334 MB
BatchMode: 1, IsHumanControllingUs: 0, StartBugReporterOnCrash: 0, Is64bit: 1, IsPro: 1

COMMAND LINE ARGUMENTS:
D:\Unity\2022.1.0f1\Editor\Unity.exe
-adb2
-batchMode
-noUpm
-name
AssetImportWorker0
-projectPath
D:/Unity/Projekte/Nona_VR_Spacestation
-logFile
Logs/AssetImportWorker0.log
-srvPort
58359
Successfully changed project path to: D:/Unity/Projekte/Nona_VR_Spacestation
D:/Unity/Projekte/Nona_VR_Spacestation
[UnityMemory] Configuration Parameters - Can be set up in boot.config
    "memorysetup-bucket-allocator-granularity=16"
    "memorysetup-bucket-allocator-bucket-count=8"
    "memorysetup-bucket-allocator-block-size=33554432"
    "memorysetup-bucket-allocator-block-count=8"
    "memorysetup-main-allocator-block-size=16777216"
    "memorysetup-thread-allocator-block-size=16777216"
    "memorysetup-gfx-main-allocator-block-size=16777216"
    "memorysetup-gfx-thread-allocator-block-size=16777216"
    "memorysetup-cache-allocator-block-size=4194304"
    "memorysetup-typetree-allocator-block-size=2097152"
    "memorysetup-profiler-bucket-allocator-granularity=16"
    "memorysetup-profiler-bucket-allocator-bucket-count=8"
    "memorysetup-profiler-bucket-allocator-block-size=33554432"
    "memorysetup-profiler-bucket-allocator-block-count=8"
    "memorysetup-profiler-allocator-block-size=16777216"
    "memorysetup-profiler-editor-allocator-block-size=1048576"
    "memorysetup-temp-allocator-size-main=16777216"
    "memorysetup-job-temp-allocator-block-size=2097152"
    "memorysetup-job-temp-allocator-block-size-background=1048576"
    "memorysetup-job-temp-allocator-reduction-small-platforms=262144"
    "memorysetup-temp-allocator-size-background-worker=32768"
    "memorysetup-temp-allocator-size-job-worker=262144"
    "memorysetup-temp-allocator-size-preload-manager=33554432"
    "memorysetup-temp-allocator-size-nav-mesh-worker=65536"
    "memorysetup-temp-allocator-size-audio-worker=65536"
    "memorysetup-temp-allocator-size-cloud-worker=32768"
    "memorysetup-temp-allocator-size-gi-baking-worker=262144"
    "memorysetup-temp-allocator-size-gfx=262144"
Refreshing native plugins compatible for Editor in 177.46 ms, found 2 plugins.
Preloading 0 native plugins for Editor in 0.00 ms.
Initialize engine version: 2022.1.0f1 (369b620af41c)
[Subsystems] Discovering subsystems at path D:/Unity/2022.1.0f1/Editor/Data/Resources/UnitySubsystems
[Subsystems] Discovering subsystems at path D:/Unity/Projekte/Nona_VR_Spacestation/Assets
GfxDevice: creating device client; threaded=0; jobified=0
Direct3D:
    Version:  Direct3D 11.0 [level 11.1]
    Renderer: NVIDIA GeForce RTX 3060 (ID=0x2503)
    Vendor:   NVIDIA
    VRAM:     12143 MB
    Driver:   30.0.14.9676
Shader 'Oculus/OVRMRCameraFrameLit': fallback shader 'Alpha-Diffuse' not found
Initialize mono
Mono path[0] = 'D:/Unity/2022.1.0f1/Editor/Data/Managed'
Mono path[1] = 'D:/Unity/2022.1.0f1/Editor/Data/MonoBleedingEdge/lib/mono/unityjit-win32'
Mono config path = 'D:/Unity/2022.1.0f1/Editor/Data/MonoBleedingEdge/etc'
Using monoOptions --debugger-agent=transport=dt_socket,embedding=1,server=y,suspend=n,address=127.0.0.1:56880
Begin MonoManager ReloadAssembly
Registering precompiled unity dll's ...
Register platform support module: D:/Unity/2022.1.0f1/Editor/Data/PlaybackEngines/AndroidPlayer/UnityEditor.Android.Extensions.dll
Register platform support module: D:/Unity/2022.1.0f1/Editor/Data/PlaybackEngines/WindowsStandaloneSupport/UnityEditor.WindowsStandalone.Extensions.dll
Registered in 0.003361 seconds.
Native extension for WindowsStandalone target not found
Native extension for Android target not found
Refreshing native plugins compatible for Editor in 108.97 ms, found 2 plugins.
Preloading 0 native plugins for Editor in 0.00 ms.
Mono: successfully reloaded assembly
- Completed reload, in  0.730 seconds
Domain Reload Profiling:
	ReloadAssembly (730ms)
		BeginReloadAssembly (99ms)
			ExecutionOrderSort (0ms)
			DisableScriptedObjects (0ms)
			BackupInstance (0ms)
			ReleaseScriptingObjects (0ms)
			CreateAndSetChildDomain (1ms)
		EndReloadAssembly (526ms)
			LoadAssemblies (98ms)
			RebuildTransferFunctionScriptingTraits (0ms)
			SetupTypeCache (126ms)
				TypeCache.Initialize (125ms)
					TypeCache.ScanAssembly (123ms)
				ResolveRequiredComponents (1ms)
			ReleaseScriptCaches (0ms)
			RebuildScriptCaches (27ms)
			SetupLoadedEditorAssemblies (320ms)
				LogAssemblyErrors (0ms)
				InitializePlatformSupportModulesInManaged (44ms)
				SetLoadedEditorAssemblies (6ms)
				RefreshPlugins (109ms)
				BeforeProcessingInitializeOnLoad (1ms)
				ProcessInitializeOnLoadAttributes (109ms)
				ProcessInitializeOnLoadMethodAttributes (51ms)
				AfterProcessingInitializeOnLoad (0ms)
				EditorAssembliesLoaded (0ms)
			ExecutionOrderSort2 (0ms)
			AwakeInstancesAfterBackupRestoration (0ms)
Platform modules already initialized, skipping
Registering precompiled user dll's ...
Registered in 0.005142 seconds.
Begin MonoManager ReloadAssembly
Symbol file LoadedFromMemory doesn't match image D:\Unity\Projekte\Nona_VR_Spacestation\Library\PackageCache\com.unity.visualscripting@1.7.5\Editor\VisualScripting.Core\Dependencies\YamlDotNet\Unity.VisualScripting.YamlDotNet.dll
Symbol file LoadedFromMemory doesn't match image D:\Unity\Projekte\Nona_VR_Spacestation\Library\PackageCache\com.unity.visualscripting@1.7.5\Editor\VisualScripting.Core\Dependencies\DotNetZip\Unity.VisualScripting.IonicZip.dll
Native extension for WindowsStandalone target not found
Native extension for Android target not found
Refreshing native plugins compatible for Editor in 1.88 ms, found 2 plugins.
Preloading 0 native plugins for Editor in 0.00 ms.
Mono: successfully reloaded assembly
- Completed reload, in  0.776 seconds
Domain Reload Profiling:
	ReloadAssembly (777ms)
		BeginReloadAssembly (143ms)
			ExecutionOrderSort (0ms)
			DisableScriptedObjects (5ms)
			BackupInstance (0ms)
			ReleaseScriptingObjects (0ms)
			CreateAndSetChildDomain (22ms)
		EndReloadAssembly (523ms)
			LoadAssemblies (97ms)
			RebuildTransferFunctionScriptingTraits (0ms)
			SetupTypeCache (170ms)
				TypeCache.Initialize (170ms)
					TypeCache.ScanAssembly (166ms)
				ResolveRequiredComponents (0ms)
			ReleaseScriptCaches (1ms)
			RebuildScriptCaches (28ms)
			SetupLoadedEditorAssemblies (205ms)
				LogAssemblyErrors (0ms)
				InitializePlatformSupportModulesInManaged (13ms)
				SetLoadedEditorAssemblies (5ms)
				RefreshPlugins (2ms)
				BeforeProcessingInitializeOnLoad (65ms)
				ProcessInitializeOnLoadAttributes (98ms)
				ProcessInitializeOnLoadMethodAttributes (19ms)
				AfterProcessingInitializeOnLoad (3ms)
				EditorAssembliesLoaded (0ms)
			ExecutionOrderSort2 (0ms)
			AwakeInstancesAfterBackupRestoration (8ms)
Platform modules already initialized, skipping
========================================================================
Worker process is ready to serve import requests
Failed to load shader (instanceID 10202, GUID 0e0019510d6142644b412d07db9dee4e)
Failed to load shader (instanceID 10204, GUID 63a90426d42b698448966291201d6716)
Failed to load shader (instanceID 10206, GUID 05483dbea409e4cc8853dced3eb9f5dc)
Failed to load shader (instanceID 10208, GUID 8fd0b9a6fa1abd34393da45b7f791d6f)
Failed to load shader (instanceID 10210, GUID 2914c939860ab3b40b0972bf8aedb87f)
Failed to load shader (instanceID 10212, GUID 25bc671e448181c4fab3e6f52fb9d4bd)
Failed to load shader (instanceID 10214, GUID cf81c85f95fe47e1a27f6ae460cf182c)
Failed to load shader (instanceID 10216, GUID 561ccac587275c745aec500620f12fc7)
Failed to load shader (instanceID 10218, GUID 7c1b3671e5e09b745962f635c3f2a747)
Failed to load shader (instanceID 10220, GUID cc74b8c94f33483478bd98d895293fd7)
Failed to load shader (instanceID 10222, GUID 128e987d567d4e2c824d754223b3f3b0)
Failed to load shader (instanceID 10224, GUID c35595e82e3b8e94f9805b258519c968)
Failed to load shader (instanceID 10226, GUID d6708eb99dec8334fb83db57b764097a)
Failed to load shader (instanceID 10228, GUID f78749865658de149abef9e52614f8fe)
Failed to load shader (instanceID 10230, GUID 8aba22c2208aff640a2fdc9a5e45a9dd)
Failed to load shader (instanceID 10232, GUID 10b48d0db7f496b49b9f141e7cd253af)
Failed to load shader (instanceID 10234, GUID dd89cf5b9246416f84610a006f916af7)
Failed to load shader (instanceID 10236, GUID 43bc449c40895214cac9066b6664fc67)
Failed to load shader (instanceID 10238, GUID b95caf64e2cc3614892026a94bb2be84)
Failed to load shader (instanceID 10240, GUID 8120257754b48344b8a1a0961bad0c46)
Failed to load shader (instanceID 10242, GUID 1fc2b9d512dad4dd48cd5f997f870c03)
Failed to load shader (instanceID 10244, GUID 7c52c9bacdbb59f4a973dd1849d03106)
Failed to load shader (instanceID 10246, GUID 20db1f0dad220cf4e8e49b6e6db7b68c)
Failed to load shader (instanceID 5666, GUID 9d034fa3f535a1648b5059e6907c647d)
Failed to load shader (instanceID 10248, GUID 48bb5f55d8670e349b6e614913f9d910)
Failed to load shader (instanceID 10250, GUID f2bd6fe791ee0b84ebfe53a6f1428565)
Failed to load shader (instanceID 10252, GUID 85187c2149c549c5b33f0cdb02836b17)
Failed to load shader (instanceID 10254, GUID 43c7ac0d65589e040afaa622faa8842d)
Failed to load shader (instanceID 10256, GUID a31796e9e8816c7448b55d584c9417f1)
Failed to load shader (instanceID 10258, GUID 1301b51de6a265443a42f1bcae046aa6)
Shader 'Oculus/OVRMRCameraFrameLit': fallback shader 'Alpha-Diffuse' not found
Launched and connected shader compiler UnityShaderCompiler.exe after 0.08 seconds
Refreshing native plugins compatible for Editor in 2.48 ms, found 2 plugins.
Preloading 0 native plugins for Editor in 0.00 ms.
Unloading 2775 Unused Serialized files (Serialized files now loaded: 0)
Unloading 25 unused Assets / (59.5 KB). Loaded Objects now: 3230.
Memory consumption went from 450.0 MB to 449.9 MB.
Total: 2.825200 ms (FindLiveObjects: 0.315000 ms CreateObjectMapping: 0.078400 ms MarkObjects: 2.335900 ms  DeleteObjects: 0.094700 ms)

AssetImportParameters requested are different than current active one (requested -> active):
  custom:video-decoder-ogg-theora: a1e56fd34408186e4bbccfd4996cb3dc -> 
  custom:container-muxer-webm: aa71ff27fc2769a1b78a27578f13a17b -> 
  custom:container-demuxer-webm: 4f35f7cbe854078d1ac9338744f61a02 -> 
  custom:video-encoder-webm-vp8: eb34c28f22e8b96e1ab97ce403110664 -> 
  custom:audio-encoder-webm-vorbis: bf7c407c2cedff20999df2af8eb42d56 -> 
  custom:framework-win-MediaFoundation: 216162199b28c13a410421893ffa2e32 -> 
  custom:container-demuxer-ogg: 62fdf1f143b41e24485cea50d1cbac27 -> 
  custom:video-decoder-webm-vp8: 9c59270c3fd7afecdb556c50c9e8de78 -> 
  custom:audio-decoder-ogg-vorbis: bf7c407c2cedff20999df2af8eb42d56 -> 
========================================================================
Received Import Request.
  Time since last request: 6762.745221 seconds.
  path: Assets/UniversalRenderPipelineGlobalSettings.asset
  artifactKey: Guid(b6a69e51b8040f1478be04332ac4bd88) Importer(815301076,1909f56bfc062723c751e8b465ee728b)
Start importing Assets/UniversalRenderPipelineGlobalSettings.asset using Guid(b6a69e51b8040f1478be04332ac4bd88) Importer(815301076,1909f56bfc062723c751e8b465ee728b)  -> (artifact id: '488ccf3715b0209ed77ca446eac41374') in 0.021379 seconds 
========================================================================
Received Import Request.
  Time since last request: 3.428971 seconds.
  path: Assets/Scenes/MainScene.scenetemplate
  artifactKey: Guid(0b98e32d658a543e4b1bd57d5f6a1079) Importer(815301076,1909f56bfc062723c751e8b465ee728b)
Start importing Assets/Scenes/MainScene.scenetemplate using Guid(0b98e32d658a543e4b1bd57d5f6a1079) Importer(815301076,1909f56bfc062723c751e8b465ee728b) NullReferenceException: Object reference not set to an instance of an object
  at UnityEditor.SceneTemplate.SceneTemplateAsset+<>c__DisplayClass16_1.<UpdateDependencies>b__1 (UnityEditor.SceneTemplate.DependencyInfo di) [0x0000b] in <a66da6e3be0e4fc5bc67120da08ed1fa>:0 
  at System.Linq.Enumerable.TryGetFirst[TSource] (System.Collections.Generic.IEnumerable`1[T] source, System.Func`2[T,TResult] predicate, System.Boolean& found) [0x0003f] in <1364446964894b0dbd2cb9996b881450>:0 
  at System.Linq.Enumerable.FirstOrDefault[TSource] (System.Collections.Generic.IEnumerable`1[T] source, System.Func`2[T,TResult] predicate) [0x00000] in <1364446964894b0dbd2cb9996b881450>:0 
  at UnityEditor.SceneTemplate.SceneTemplateAsset+<>c__DisplayClass16_0.<UpdateDependencies>b__0 (UnityEngine.Object d) [0x0000e] in <a66da6e3be0e4fc5bc67120da08ed1fa>:0 
  at System.Linq.Enumerable+SelectListIterator`2[TSource,TResult].ToArray () [0x00034] in <1364446964894b0dbd2cb9996b881450>:0 
  at System.Linq.Enumerable.ToArray[TSource] (System.Collections.Generic.IEnumerable`1[T] source) [0x0001f] in <1364446964894b0dbd2cb9996b881450>:0 
  at UnityEditor.SceneTemplate.SceneTemplateAsset.UpdateDependencies () [0x000c8] in <a66da6e3be0e4fc5bc67120da08ed1fa>:0 
  at UnityEditor.SceneTemplate.SceneTemplateAssetInspectorWindow.UpdateSceneTemplateAsset () [0x00012] in <a66da6e3be0e4fc5bc67120da08ed1fa>:0 
  at UnityEditor.SceneTemplate.SceneTemplateAssetInspectorWindow.OnEnable () [0x00011] in <a66da6e3be0e4fc5bc67120da08ed1fa>:0 
UnityEditor.Editor:CreateEditorWithContextInternal(Object[], Object, Type)
UnityEditor.Editor:CreateEditorWithContext(Object[], Object, Type)
UnityEditor.Editor:CreateEditor(Object, Type)
UnityEditor.Editor:CreateEditor(Object)
UnityEditor.AssetPreviewUpdater:CreatePreview(Object, Object[], String, Int32, Int32)
UnityEditor.AssetPreviewUpdater:CreatePreviewForAsset(Object, Object[], String)

 -> (artifact id: 'fee5055a31b58d616600f053a98a162b') in 0.103523 seconds 
========================================================================
Received Import Request.
  Time since last request: 0.975187 seconds.
  path: Assets/Scenes/New_Spacestation.unity
  artifactKey: Guid(681acc1aa3d88734a9877bff6bc36dea) Importer(815301076,1909f56bfc062723c751e8b465ee728b)
Start importing Assets/Scenes/New_Spacestation.unity using Guid(681acc1aa3d88734a9877bff6bc36dea) Importer(815301076,1909f56bfc062723c751e8b465ee728b)  -> (artifact id: 'a78fbb789356efd7c63b8ab5a6f6ef02') in 0.002775 seconds 
========================================================================
Received Import Request.
  Time since last request: 34.420579 seconds.
  path: Assets/Scenes/Nona_Spacestation 1.unity
  artifactKey: Guid(6874ddf63424daa47a1aae1eafd6e92d) Importer(815301076,1909f56bfc062723c751e8b465ee728b)
Start importing Assets/Scenes/Nona_Spacestation 1.unity using Guid(6874ddf63424daa47a1aae1eafd6e92d) Importer(815301076,1909f56bfc062723c751e8b465ee728b)  -> (artifact id: 'e43cd34124252240f62138ce12ef7ea7') in 0.002951 seconds 
========================================================================
Received Import Request.
  Time since last request: 0.392612 seconds.
  path: Assets/Scenes/Nona_Spacestation.unity
  artifactKey: Guid(a2ba44019e2a540deb4507337c25a844) Importer(815301076,1909f56bfc062723c751e8b465ee728b)
Start importing Assets/Scenes/Nona_Spacestation.unity using Guid(a2ba44019e2a540deb4507337c25a844) Importer(815301076,1909f56bfc062723c751e8b465ee728b)  -> (artifact id: '67de0bc1ebd0e4f7d56d3f907b87ff2b') in 0.002881 seconds 
========================================================================
Received Import Request.
  Time since last request: 20.234716 seconds.
  path: Assets/Materials/Button_Red_Test.mat
  artifactKey: Guid(f8f23436a03b637438bec145644f70ab) Importer(815301076,1909f56bfc062723c751e8b465ee728b)
Start importing Assets/Materials/Button_Red_Test.mat using Guid(f8f23436a03b637438bec145644f70ab) Importer(815301076,1909f56bfc062723c751e8b465ee728b)  -> (artifact id: '765590b3a31a288df404199698dbfa29') in 0.345247 seconds 
========================================================================
Received Import Request.
  Time since last request: 0.000022 seconds.
  path: Assets/Materials/Socket_Preview_Mat_Red.mat
  artifactKey: Guid(84a917a31d01df84cb8141f4b3aba686) Importer(815301076,1909f56bfc062723c751e8b465ee728b)
Start importing Assets/Materials/Socket_Preview_Mat_Red.mat using Guid(84a917a31d01df84cb8141f4b3aba686) Importer(815301076,1909f56bfc062723c751e8b465ee728b)  -> (artifact id: '0a7b69b948c50e1ea3db44179d3ccdd2') in 0.011130 seconds 
========================================================================
Received Import Request.
  Time since last request: 0.000029 seconds.
  path: Assets/Materials/Display_BG.mat
  artifactKey: Guid(53edbbf3237722b4c9d56dc283180356) Importer(815301076,1909f56bfc062723c751e8b465ee728b)
Start importing Assets/Materials/Display_BG.mat using Guid(53edbbf3237722b4c9d56dc283180356) Importer(815301076,1909f56bfc062723c751e8b465ee728b)  -> (artifact id: '04ed69ea3e65646c69c0fa254a7d86b0') in 0.011251 seconds 
========================================================================
Received Import Request.
  Time since last request: 0.000033 seconds.
  path: Assets/Materials/DoubleSite_Material.mat
  artifactKey: Guid(90ffb05eb222f9c4a90c7221cf0cd3c4) Importer(815301076,1909f56bfc062723c751e8b465ee728b)
Start importing Assets/Materials/DoubleSite_Material.mat using Guid(90ffb05eb222f9c4a90c7221cf0cd3c4) Importer(815301076,1909f56bfc062723c751e8b465ee728b)  -> (artifact id: '7621dcbe5998a510bff1bbaa36ef5475') in 0.010132 seconds 
========================================================================
Received Import Request.
  Time since last request: 51.145087 seconds.
  path: Assets/Models/Aufzug_Bruecke.fbx
  artifactKey: Guid(797ee319d7434f74e84798143d9f2d7c) Importer(815301076,1909f56bfc062723c751e8b465ee728b)
Start importing Assets/Models/Aufzug_Bruecke.fbx using Guid(797ee319d7434f74e84798143d9f2d7c) Importer(815301076,1909f56bfc062723c751e8b465ee728b)  -> (artifact id: '08834c5ff8233dbec02e44321b446bfb') in 0.038525 seconds 
========================================================================
Received Import Request.
  Time since last request: 0.000020 seconds.
  path: Assets/Models/Raumstation_Boden.obj
  artifactKey: Guid(5ed1116827bbaac4ca696d21be568242) Importer(815301076,1909f56bfc062723c751e8b465ee728b)
Start importing Assets/Models/Raumstation_Boden.obj using Guid(5ed1116827bbaac4ca696d21be568242) Importer(815301076,1909f56bfc062723c751e8b465ee728b)  -> (artifact id: '088cf6a2b5f99b3bf1ef3db7e75706c4') in 0.182771 seconds 
========================================================================
Received Import Request.
  Time since last request: 0.000023 seconds.
  path: Assets/Models/Raumstation_Scene_Test.fbx
  artifactKey: Guid(04e867b92c601bb4187d12af38477003) Importer(815301076,1909f56bfc062723c751e8b465ee728b)
Start importing Assets/Models/Raumstation_Scene_Test.fbx using Guid(04e867b92c601bb4187d12af38477003) Importer(815301076,1909f56bfc062723c751e8b465ee728b)  -> (artifact id: '6fe4fedcbf299a55577936728550dce3') in 0.119737 seconds 
========================================================================
Received Import Request.
  Time since last request: 0.000029 seconds.
  path: Assets/Models/Technik_O2_Test_Scale.fbx
  artifactKey: Guid(b3e4d3f33ae9c184a91662d28312fe5d) Importer(815301076,1909f56bfc062723c751e8b465ee728b)
Start importing Assets/Models/Technik_O2_Test_Scale.fbx using Guid(b3e4d3f33ae9c184a91662d28312fe5d) Importer(815301076,1909f56bfc062723c751e8b465ee728b)  -> (artifact id: 'e4d26ee2a68354c7dfa917f27ffad96a') in 0.315542 seconds 
========================================================================
Received Import Request.
  Time since last request: 0.000023 seconds.
  path: Assets/Models/Raumstation_new.obj
  artifactKey: Guid(c46ae7c0f8696f0469ca4555b22e614d) Importer(815301076,1909f56bfc062723c751e8b465ee728b)
Start importing Assets/Models/Raumstation_new.obj using Guid(c46ae7c0f8696f0469ca4555b22e614d) Importer(815301076,1909f56bfc062723c751e8b465ee728b)  -> (artifact id: 'cc6d799c47b502059b974a6417784698') in 0.025697 seconds 
========================================================================
Received Import Request.
  Time since last request: 0.000035 seconds.
  path: Assets/Models/Tuer_Test_Ani.fbx
  artifactKey: Guid(8c5cb79fbcb8aba45be02a3005a02e2b) Importer(815301076,1909f56bfc062723c751e8b465ee728b)
Start importing Assets/Models/Tuer_Test_Ani.fbx using Guid(8c5cb79fbcb8aba45be02a3005a02e2b) Importer(815301076,1909f56bfc062723c751e8b465ee728b)  -> (artifact id: '07de96d493ba350e0c5fa156c17407a1') in 0.003221 seconds 
========================================================================
Received Import Request.
  Time since last request: 0.000025 seconds.
  path: Assets/Models/Comunication_Floor.obj
  artifactKey: Guid(82ba53640477fbd4f91942d691c1d43c) Importer(815301076,1909f56bfc062723c751e8b465ee728b)
Start importing Assets/Models/Comunication_Floor.obj using Guid(82ba53640477fbd4f91942d691c1d43c) Importer(815301076,1909f56bfc062723c751e8b465ee728b)  -> (artifact id: '740cb1578eea011f077178c1de89331f') in 0.024812 seconds 
========================================================================
Received Import Request.
  Time since last request: 0.000021 seconds.
  path: Assets/Models/Labor_Test_Scale.fbx
  artifactKey: Guid(2691a2db1e34c3b4b96d8989c4b1d6e8) Importer(815301076,1909f56bfc062723c751e8b465ee728b)
Start importing Assets/Models/Labor_Test_Scale.fbx using Guid(2691a2db1e34c3b4b96d8989c4b1d6e8) Importer(815301076,1909f56bfc062723c751e8b465ee728b)  -> (artifact id: '7effac5f92b06d05d2fc673dd7d55d7c') in 0.014753 seconds 
Editor requested this worker to shutdown with reason: Scaling down because of idle timeout
AssetImportWorker is now disconnected from the server
Process exiting
Exiting without the bug reporter. Application will terminate with return code 0