Using pre-set license
Built from '2022.1/release' branch; Version is '2022.1.0f1 (369b620af41c) revision 3578722'; Using compiler version '192829333'; Build Type 'Release'
OS: 'Windows 10  (10.0.19044) 64bit Professional' Language: 'de' Physical Memory: 16334 MB
BatchMode: 1, IsHumanControllingUs: 0, StartBugReporterOnCrash: 0, Is64bit: 1, IsPro: 1

COMMAND LINE ARGUMENTS:
D:\Unity\2022.1.0f1\Editor\Unity.exe
-adb2
-batchMode
-noUpm
-name
AssetImportWorker2
-projectPath
D:/Unity/Projekte/Nona_VR_Spacestation
-logFile
Logs/AssetImportWorker2.log
-srvPort
58359
Successfully changed project path to: D:/Unity/Projekte/Nona_VR_Spacestation
D:/Unity/Projekte/Nona_VR_Spacestation
[UnityMemory] Configuration Parameters - Can be set up in boot.config
    "memorysetup-bucket-allocator-granularity=16"
    "memorysetup-bucket-allocator-bucket-count=8"
    "memorysetup-bucket-allocator-block-size=33554432"
    "memorysetup-bucket-allocator-block-count=8"
    "memorysetup-main-allocator-block-size=16777216"
    "memorysetup-thread-allocator-block-size=16777216"
    "memorysetup-gfx-main-allocator-block-size=16777216"
    "memorysetup-gfx-thread-allocator-block-size=16777216"
    "memorysetup-cache-allocator-block-size=4194304"
    "memorysetup-typetree-allocator-block-size=2097152"
    "memorysetup-profiler-bucket-allocator-granularity=16"
    "memorysetup-profiler-bucket-allocator-bucket-count=8"
    "memorysetup-profiler-bucket-allocator-block-size=33554432"
    "memorysetup-profiler-bucket-allocator-block-count=8"
    "memorysetup-profiler-allocator-block-size=16777216"
    "memorysetup-profiler-editor-allocator-block-size=1048576"
    "memorysetup-temp-allocator-size-main=16777216"
    "memorysetup-job-temp-allocator-block-size=2097152"
    "memorysetup-job-temp-allocator-block-size-background=1048576"
    "memorysetup-job-temp-allocator-reduction-small-platforms=262144"
    "memorysetup-temp-allocator-size-background-worker=32768"
    "memorysetup-temp-allocator-size-job-worker=262144"
    "memorysetup-temp-allocator-size-preload-manager=33554432"
    "memorysetup-temp-allocator-size-nav-mesh-worker=65536"
    "memorysetup-temp-allocator-size-audio-worker=65536"
    "memorysetup-temp-allocator-size-cloud-worker=32768"
    "memorysetup-temp-allocator-size-gi-baking-worker=262144"
    "memorysetup-temp-allocator-size-gfx=262144"
Refreshing native plugins compatible for Editor in 116.42 ms, found 2 plugins.
Preloading 0 native plugins for Editor in 0.00 ms.
Initialize engine version: 2022.1.0f1 (369b620af41c)
[Subsystems] Discovering subsystems at path D:/Unity/2022.1.0f1/Editor/Data/Resources/UnitySubsystems
[Subsystems] Discovering subsystems at path D:/Unity/Projekte/Nona_VR_Spacestation/Assets
GfxDevice: creating device client; threaded=0; jobified=0
Direct3D:
    Version:  Direct3D 11.0 [level 11.1]
    Renderer: NVIDIA GeForce RTX 3060 (ID=0x2503)
    Vendor:   NVIDIA
    VRAM:     12143 MB
    Driver:   30.0.14.9676
Shader 'Oculus/OVRMRCameraFrameLit': fallback shader 'Alpha-Diffuse' not found
Initialize mono
Mono path[0] = 'D:/Unity/2022.1.0f1/Editor/Data/Managed'
Mono path[1] = 'D:/Unity/2022.1.0f1/Editor/Data/MonoBleedingEdge/lib/mono/unityjit-win32'
Mono config path = 'D:/Unity/2022.1.0f1/Editor/Data/MonoBleedingEdge/etc'
Using monoOptions --debugger-agent=transport=dt_socket,embedding=1,server=y,suspend=n,address=127.0.0.1:56496
Begin MonoManager ReloadAssembly
Registering precompiled unity dll's ...
Register platform support module: D:/Unity/2022.1.0f1/Editor/Data/PlaybackEngines/AndroidPlayer/UnityEditor.Android.Extensions.dll
Register platform support module: D:/Unity/2022.1.0f1/Editor/Data/PlaybackEngines/WindowsStandaloneSupport/UnityEditor.WindowsStandalone.Extensions.dll
Registered in 0.002934 seconds.
Native extension for WindowsStandalone target not found
Native extension for Android target not found
Refreshing native plugins compatible for Editor in 100.24 ms, found 2 plugins.
Preloading 0 native plugins for Editor in 0.00 ms.
Mono: successfully reloaded assembly
- Completed reload, in  0.647 seconds
Domain Reload Profiling:
	ReloadAssembly (648ms)
		BeginReloadAssembly (89ms)
			ExecutionOrderSort (0ms)
			DisableScriptedObjects (0ms)
			BackupInstance (0ms)
			ReleaseScriptingObjects (0ms)
			CreateAndSetChildDomain (1ms)
		EndReloadAssembly (461ms)
			LoadAssemblies (88ms)
			RebuildTransferFunctionScriptingTraits (0ms)
			SetupTypeCache (105ms)
				TypeCache.Initialize (105ms)
					TypeCache.ScanAssembly (103ms)
				ResolveRequiredComponents (0ms)
			ReleaseScriptCaches (0ms)
			RebuildScriptCaches (24ms)
			SetupLoadedEditorAssemblies (286ms)
				LogAssemblyErrors (0ms)
				InitializePlatformSupportModulesInManaged (40ms)
				SetLoadedEditorAssemblies (6ms)
				RefreshPlugins (100ms)
				BeforeProcessingInitializeOnLoad (1ms)
				ProcessInitializeOnLoadAttributes (98ms)
				ProcessInitializeOnLoadMethodAttributes (41ms)
				AfterProcessingInitializeOnLoad (0ms)
				EditorAssembliesLoaded (0ms)
			ExecutionOrderSort2 (0ms)
			AwakeInstancesAfterBackupRestoration (0ms)
Platform modules already initialized, skipping
Registering precompiled user dll's ...
Registered in 0.004825 seconds.
Begin MonoManager ReloadAssembly
Symbol file LoadedFromMemory doesn't match image D:\Unity\Projekte\Nona_VR_Spacestation\Library\PackageCache\com.unity.visualscripting@1.7.5\Editor\VisualScripting.Core\Dependencies\YamlDotNet\Unity.VisualScripting.YamlDotNet.dll
Symbol file LoadedFromMemory doesn't match image D:\Unity\Projekte\Nona_VR_Spacestation\Library\PackageCache\com.unity.visualscripting@1.7.5\Editor\VisualScripting.Core\Dependencies\DotNetZip\Unity.VisualScripting.IonicZip.dll
Native extension for WindowsStandalone target not found
Native extension for Android target not found
Refreshing native plugins compatible for Editor in 1.66 ms, found 2 plugins.
Preloading 0 native plugins for Editor in 0.00 ms.
Mono: successfully reloaded assembly
- Completed reload, in  0.683 seconds
Domain Reload Profiling:
	ReloadAssembly (684ms)
		BeginReloadAssembly (120ms)
			ExecutionOrderSort (0ms)
			DisableScriptedObjects (5ms)
			BackupInstance (0ms)
			ReleaseScriptingObjects (0ms)
			CreateAndSetChildDomain (20ms)
		EndReloadAssembly (461ms)
			LoadAssemblies (78ms)
			RebuildTransferFunctionScriptingTraits (0ms)
			SetupTypeCache (150ms)
				TypeCache.Initialize (150ms)
					TypeCache.ScanAssembly (147ms)
				ResolveRequiredComponents (0ms)
			ReleaseScriptCaches (1ms)
			RebuildScriptCaches (24ms)
			SetupLoadedEditorAssemblies (184ms)
				LogAssemblyErrors (0ms)
				InitializePlatformSupportModulesInManaged (11ms)
				SetLoadedEditorAssemblies (5ms)
				RefreshPlugins (2ms)
				BeforeProcessingInitializeOnLoad (60ms)
				ProcessInitializeOnLoadAttributes (87ms)
				ProcessInitializeOnLoadMethodAttributes (17ms)
				AfterProcessingInitializeOnLoad (3ms)
				EditorAssembliesLoaded (0ms)
			ExecutionOrderSort2 (0ms)
			AwakeInstancesAfterBackupRestoration (6ms)
Platform modules already initialized, skipping
========================================================================
Worker process is ready to serve import requests
Failed to load shader (instanceID 10202, GUID 0e0019510d6142644b412d07db9dee4e)
Failed to load shader (instanceID 10204, GUID 63a90426d42b698448966291201d6716)
Failed to load shader (instanceID 10206, GUID 05483dbea409e4cc8853dced3eb9f5dc)
Failed to load shader (instanceID 10208, GUID 8fd0b9a6fa1abd34393da45b7f791d6f)
Failed to load shader (instanceID 10210, GUID 2914c939860ab3b40b0972bf8aedb87f)
Failed to load shader (instanceID 10212, GUID 25bc671e448181c4fab3e6f52fb9d4bd)
Failed to load shader (instanceID 10214, GUID cf81c85f95fe47e1a27f6ae460cf182c)
Failed to load shader (instanceID 10216, GUID 561ccac587275c745aec500620f12fc7)
Failed to load shader (instanceID 10218, GUID 7c1b3671e5e09b745962f635c3f2a747)
Failed to load shader (instanceID 10220, GUID cc74b8c94f33483478bd98d895293fd7)
Failed to load shader (instanceID 10222, GUID 128e987d567d4e2c824d754223b3f3b0)
Failed to load shader (instanceID 10224, GUID c35595e82e3b8e94f9805b258519c968)
Failed to load shader (instanceID 10226, GUID d6708eb99dec8334fb83db57b764097a)
Failed to load shader (instanceID 10228, GUID f78749865658de149abef9e52614f8fe)
Failed to load shader (instanceID 10230, GUID 8aba22c2208aff640a2fdc9a5e45a9dd)
Failed to load shader (instanceID 10232, GUID 10b48d0db7f496b49b9f141e7cd253af)
Failed to load shader (instanceID 10234, GUID dd89cf5b9246416f84610a006f916af7)
Failed to load shader (instanceID 10236, GUID 43bc449c40895214cac9066b6664fc67)
Failed to load shader (instanceID 10238, GUID b95caf64e2cc3614892026a94bb2be84)
Failed to load shader (instanceID 10240, GUID 8120257754b48344b8a1a0961bad0c46)
Failed to load shader (instanceID 10242, GUID 1fc2b9d512dad4dd48cd5f997f870c03)
Failed to load shader (instanceID 10244, GUID 7c52c9bacdbb59f4a973dd1849d03106)
Failed to load shader (instanceID 10246, GUID 20db1f0dad220cf4e8e49b6e6db7b68c)
Failed to load shader (instanceID 5666, GUID 9d034fa3f535a1648b5059e6907c647d)
Failed to load shader (instanceID 10248, GUID 48bb5f55d8670e349b6e614913f9d910)
Failed to load shader (instanceID 10250, GUID f2bd6fe791ee0b84ebfe53a6f1428565)
Failed to load shader (instanceID 10252, GUID 85187c2149c549c5b33f0cdb02836b17)
Failed to load shader (instanceID 10254, GUID 43c7ac0d65589e040afaa622faa8842d)
Failed to load shader (instanceID 10256, GUID a31796e9e8816c7448b55d584c9417f1)
Failed to load shader (instanceID 10258, GUID 1301b51de6a265443a42f1bcae046aa6)
Shader 'Oculus/OVRMRCameraFrameLit': fallback shader 'Alpha-Diffuse' not found
Launched and connected shader compiler UnityShaderCompiler.exe after 0.07 seconds
Refreshing native plugins compatible for Editor in 2.49 ms, found 2 plugins.
Preloading 0 native plugins for Editor in 0.00 ms.
Unloading 2775 Unused Serialized files (Serialized files now loaded: 0)
Unloading 25 unused Assets / (58.7 KB). Loaded Objects now: 3232.
Memory consumption went from 450.3 MB to 450.3 MB.
Total: 2.782300 ms (FindLiveObjects: 0.284500 ms CreateObjectMapping: 0.107400 ms MarkObjects: 2.292300 ms  DeleteObjects: 0.096900 ms)

AssetImportParameters requested are different than current active one (requested -> active):
  custom:video-decoder-ogg-theora: a1e56fd34408186e4bbccfd4996cb3dc -> 
  custom:container-muxer-webm: aa71ff27fc2769a1b78a27578f13a17b -> 
  custom:container-demuxer-webm: 4f35f7cbe854078d1ac9338744f61a02 -> 
  custom:video-encoder-webm-vp8: eb34c28f22e8b96e1ab97ce403110664 -> 
  custom:audio-encoder-webm-vorbis: bf7c407c2cedff20999df2af8eb42d56 -> 
  custom:framework-win-MediaFoundation: 216162199b28c13a410421893ffa2e32 -> 
  custom:container-demuxer-ogg: 62fdf1f143b41e24485cea50d1cbac27 -> 
  custom:video-decoder-webm-vp8: 9c59270c3fd7afecdb556c50c9e8de78 -> 
  custom:audio-decoder-ogg-vorbis: bf7c407c2cedff20999df2af8eb42d56 -> 
========================================================================
Received Import Request.
  Time since last request: 6873.954174 seconds.
  path: Assets/Models/Analyse_Test_Scale.fbx
  artifactKey: Guid(96297eb244cb0f94eb9b71d733bfa2af) Importer(815301076,1909f56bfc062723c751e8b465ee728b)
Start importing Assets/Models/Analyse_Test_Scale.fbx using Guid(96297eb244cb0f94eb9b71d733bfa2af) Importer(815301076,1909f56bfc062723c751e8b465ee728b)  -> (artifact id: '03c4afd34750c524513223c8425a97c3') in 0.356528 seconds 
========================================================================
Received Import Request.
  Time since last request: 0.000023 seconds.
  path: Assets/Models/Station_Bruecke+Rettungskapsel.fbx
  artifactKey: Guid(7f303b60e7beb6146a82a143518f77cc) Importer(815301076,1909f56bfc062723c751e8b465ee728b)
Start importing Assets/Models/Station_Bruecke+Rettungskapsel.fbx using Guid(7f303b60e7beb6146a82a143518f77cc) Importer(815301076,1909f56bfc062723c751e8b465ee728b)  -> (artifact id: '2f25e0f9749be0bb8c68d3b200364f3b') in 0.022112 seconds 
========================================================================
Received Import Request.
  Time since last request: 0.000025 seconds.
  path: Assets/Models/Interaktions_Objekte_Technik.fbx
  artifactKey: Guid(f60fc7873d3d8f4428b90c38f1f2ef6a) Importer(815301076,1909f56bfc062723c751e8b465ee728b)
Start importing Assets/Models/Interaktions_Objekte_Technik.fbx using Guid(f60fc7873d3d8f4428b90c38f1f2ef6a) Importer(815301076,1909f56bfc062723c751e8b465ee728b)  -> (artifact id: 'bd3b6c3dc05a0dd2cba8ade9398c9a8c') in 0.173031 seconds 
========================================================================
Received Import Request.
  Time since last request: 0.000022 seconds.
  path: Assets/Models/Comunication.obj
  artifactKey: Guid(edeb5e2200c117a4fb529f9eec27886c) Importer(815301076,1909f56bfc062723c751e8b465ee728b)
Start importing Assets/Models/Comunication.obj using Guid(edeb5e2200c117a4fb529f9eec27886c) Importer(815301076,1909f56bfc062723c751e8b465ee728b)  -> (artifact id: '897653ac479e87116497dfe7342561ea') in 0.008391 seconds 
========================================================================
Received Import Request.
  Time since last request: 0.000029 seconds.
  path: Assets/Models/Sport_Lager_Test_Scale.fbx
  artifactKey: Guid(444b8da1bd738c14ea2e94fdbd4b7dc8) Importer(815301076,1909f56bfc062723c751e8b465ee728b)
Start importing Assets/Models/Sport_Lager_Test_Scale.fbx using Guid(444b8da1bd738c14ea2e94fdbd4b7dc8) Importer(815301076,1909f56bfc062723c751e8b465ee728b)  -> (artifact id: '4afeab642fc1d4dc5827735479141595') in 0.003798 seconds 
========================================================================
Received Import Request.
  Time since last request: 0.000039 seconds.
  path: Assets/Models/Interaktions_Objekte_Schlafraum.fbx
  artifactKey: Guid(6b17caf0f8dab7e4e99baf7e5be61754) Importer(815301076,1909f56bfc062723c751e8b465ee728b)
Start importing Assets/Models/Interaktions_Objekte_Schlafraum.fbx using Guid(6b17caf0f8dab7e4e99baf7e5be61754) Importer(815301076,1909f56bfc062723c751e8b465ee728b)  -> (artifact id: '518442aecb780b0fafe7e17858fdd4ca') in 0.189216 seconds 
========================================================================
Received Import Request.
  Time since last request: 187.098205 seconds.
  path: Assets/Models/Interactiables
  artifactKey: Guid(e137490c789f8b443a027f72cf14286a) Importer(815301076,1909f56bfc062723c751e8b465ee728b)
Start importing Assets/Models/Interactiables using Guid(e137490c789f8b443a027f72cf14286a) Importer(815301076,1909f56bfc062723c751e8b465ee728b)  -> (artifact id: 'f8b708052acfaec82219165e17d01589') in 0.003198 seconds 
========================================================================
Received Import Request.
  Time since last request: 1.027082 seconds.
  path: Assets/Models/Interactiables/NEW
  artifactKey: Guid(c88f26293f1758349b138ac1b3add118) Importer(815301076,1909f56bfc062723c751e8b465ee728b)
Start importing Assets/Models/Interactiables/NEW using Guid(c88f26293f1758349b138ac1b3add118) Importer(815301076,1909f56bfc062723c751e8b465ee728b)  -> (artifact id: 'f7ce89536887115079b38ee294523549') in 0.003157 seconds 
========================================================================
Received Import Request.
  Time since last request: 0.046381 seconds.
  path: Assets/Models/Interactiables/NEW/BigRedButton.prefab
  artifactKey: Guid(a4dd8806fa91ea54d8eb6b4a6c348dfd) Importer(815301076,1909f56bfc062723c751e8b465ee728b)
Start importing Assets/Models/Interactiables/NEW/BigRedButton.prefab using Guid(a4dd8806fa91ea54d8eb6b4a6c348dfd) Importer(815301076,1909f56bfc062723c751e8b465ee728b) Tried select unknown importer for id '-2' '00000000000000000000000000000000'
 -> (artifact id: 'ae44f6fc015f18452d50b4f1bc170a2d') in 0.366378 seconds 
========================================================================
Received Import Request.
  Time since last request: 111.978098 seconds.
  path: Assets/Materials/Display_BG.mat
  artifactKey: Guid(53edbbf3237722b4c9d56dc283180356) Importer(815301076,1909f56bfc062723c751e8b465ee728b)
Start importing Assets/Materials/Display_BG.mat using Guid(53edbbf3237722b4c9d56dc283180356) Importer(815301076,1909f56bfc062723c751e8b465ee728b)  -> (artifact id: 'c38d8bd2d61ad2e7267ba45155ffa796') in 0.495211 seconds 
